[command: ifconfig]

enxdc333d0aa3fa: flags=4099<UP,BROADCAST,MULTICAST>  mtu 1500
        ether dc:33:3d:0a:a3:fa  txqueuelen 1000  (Ethernet)
        RX packets 0  bytes 0 (0.0 B)
        RX errors 0  dropped 0  overruns 0  frame 0
        TX packets 0  bytes 0 (0.0 B)
        TX errors 0  dropped 0 overruns 0  carrier 0  collisions 0

lo: flags=73<UP,LOOPBACK,RUNNING>  mtu 65536
        inet 127.0.0.1  netmask 255.0.0.0
        inet6 ::1  prefixlen 128  scopeid 0x10<host>
        loop  txqueuelen 1000  (Local Loopback)
        RX packets 3909  bytes 383080 (374.1 KiB)
        RX errors 0  dropped 0  overruns 0  frame 0
        TX packets 3909  bytes 383080 (374.1 KiB)
        TX errors 0  dropped 0 overruns 0  carrier 0  collisions 0

wlan0: flags=4163<UP,BROADCAST,RUNNING,MULTICAST>  mtu 1500
        inet 192.168.188.50  netmask 255.255.255.0  broadcast 192.168.188.255
        inet6 fe80::8a24:caa:ae77:85ae  prefixlen 64  scopeid 0x20<link>
        ether dc:33:3d:0a:ab:17  txqueuelen 1000  (Ethernet)
        RX packets 655390  bytes 754846587 (719.8 MiB)
        RX errors 0  dropped 0  overruns 0  frame 0
        TX packets 219898  bytes 16875852 (16.0 MiB)
        TX errors 0  dropped 0 overruns 0  carrier 0  collisions 0

