[command: cd tools && sh fio.sh]

fio已经安装！
 
[ sudo fio -filename=/dev/sde -direct=1 -iodepth 1 -thread -rw=randread -ioengine=psync -bs=16k -size=2G-numjobs=10 -runtime=10 -group_reporting -name=mytest ]
mytest: (g=0): rw=randread, bs=(R) 16.0KiB-16.0KiB, (W) 16.0KiB-16.0KiB, (T) 16.0KiB-16.0KiB, ioengine=psync, iodepth=1
fio-3.12
Starting 1 thread

mytest: (groupid=0, jobs=1): err= 0: pid=2743: Wed Dec 15 13:40:10 2021
  read: IOPS=68, BW=1099KiB/s (1126kB/s)(5504KiB/5007msec)
    clat (usec): min=5016, max=26305, avg=14541.68, stdev=4279.12
     lat (usec): min=5016, max=26306, avg=14542.36, stdev=4279.05
    clat percentiles (usec):
     |  1.00th=[ 6063],  5.00th=[ 7635], 10.00th=[ 8979], 20.00th=[10814],
     | 30.00th=[11994], 40.00th=[13173], 50.00th=[14353], 60.00th=[15795],
     | 70.00th=[16909], 80.00th=[18220], 90.00th=[20317], 95.00th=[22152],
     | 99.00th=[23462], 99.50th=[25822], 99.90th=[26346], 99.95th=[26346],
     | 99.99th=[26346]
   bw (  KiB/s): min=  992, max= 1184, per=99.82%, avg=1097.00, stdev=58.46, samples=10
   iops        : min=   62, max=   74, avg=68.40, stdev= 3.66, samples=10
  lat (msec)   : 10=15.41%, 20=73.55%, 50=11.05%
  cpu          : usr=0.04%, sys=0.32%, ctx=345, majf=0, minf=4
  IO depths    : 1=100.0%, 2=0.0%, 4=0.0%, 8=0.0%, 16=0.0%, 32=0.0%, >=64=0.0%
     submit    : 0=0.0%, 4=100.0%, 8=0.0%, 16=0.0%, 32=0.0%, 64=0.0%, >=64=0.0%
     complete  : 0=0.0%, 4=100.0%, 8=0.0%, 16=0.0%, 32=0.0%, 64=0.0%, >=64=0.0%
     issued rwts: total=344,0,0,0 short=0,0,0,0 dropped=0,0,0,0
     latency   : target=0, window=0, percentile=100.00%, depth=1

Run status group 0 (all jobs):
   READ: bw=1099KiB/s (1126kB/s), 1099KiB/s-1099KiB/s (1126kB/s-1126kB/s), io=5504KiB (5636kB), run=5007-5007msec

Disk stats (read/write):
  sde: ios=335/0, merge=0/0, ticks=4850/0, in_queue=4864, util=97.47%
