===================================
STATION_FUNC 2021-12-13 13:42:14
===================================
======== DISK_CHECK 2021-12-13 13:42:14========

[command: cd tools && sh fio.sh]
fio已经安装！
 
[ sudo fio -filename=/dev/sde -direct=1 -iodepth 1 -thread -rw=randread -ioengine=psync -bs=16k -size=2G-numjobs=10 -runtime=10 -group_reporting -name=mytest ]
mytest: (g=0): rw=randread, bs=(R) 16.0KiB-16.0KiB, (W) 16.0KiB-16.0KiB, (T) 16.0KiB-16.0KiB, ioengine=psync, iodepth=1
fio-3.12
Starting 1 thread

mytest: (groupid=0, jobs=1): err= 0: pid=2044: Mon Dec 13 13:42:19 2021
  read: IOPS=68, BW=1102KiB/s (1128kB/s)(5520KiB/5009msec)
    clat (usec): min=5360, max=26605, avg=14505.48, stdev=4260.72
     lat (usec): min=5361, max=26606, avg=14506.13, stdev=4260.74
    clat percentiles (usec):
     |  1.00th=[ 6063],  5.00th=[ 7635], 10.00th=[ 8979], 20.00th=[10683],
     | 30.00th=[11994], 40.00th=[13173], 50.00th=[14353], 60.00th=[15664],
     | 70.00th=[16909], 80.00th=[18220], 90.00th=[20055], 95.00th=[22152],
     | 99.00th=[23462], 99.50th=[25035], 99.90th=[26608], 99.95th=[26608],
     | 99.99th=[26608]
   bw (  KiB/s): min= 1024, max= 1184, per=99.86%, avg=1100.50, stdev=50.15, samples=10
   iops        : min=   64, max=   74, avg=68.70, stdev= 3.06, samples=10
  lat (msec)   : 10=15.36%, 20=74.20%, 50=10.43%
  cpu          : usr=0.08%, sys=0.28%, ctx=347, majf=0, minf=4
  IO depths    : 1=100.0%, 2=0.0%, 4=0.0%, 8=0.0%, 16=0.0%, 32=0.0%, >=64=0.0%
     submit    : 0=0.0%, 4=100.0%, 8=0.0%, 16=0.0%, 32=0.0%, 64=0.0%, >=64=0.0%
     complete  : 0=0.0%, 4=100.0%, 8=0.0%, 16=0.0%, 32=0.0%, 64=0.0%, >=64=0.0%
     issued rwts: total=345,0,0,0 short=0,0,0,0 dropped=0,0,0,0
     latency   : target=0, window=0, percentile=100.00%, depth=1

Run status group 0 (all jobs):
   READ: bw=1102KiB/s (1128kB/s), 1102KiB/s-1102KiB/s (1128kB/s-1128kB/s), io=5520KiB (5652kB), run=5009-5009msec

Disk stats (read/write):
  sde: ios=336/0, merge=0/0, ticks=4848/0, in_queue=4852, util=97.25%
