Scan sn is: 1111111
Input operator is: 1111111
===================================
STATION_FUNC 2021-12-15 11:09:09
===================================
======== RTC_CHECK 2021-12-15 11:09:09========

[command: timedatectl set-ntp no]
>> set_datetimetest is success!
[command: cat /proc/driver/rtc]
rtc_time	: 03:09:25
rtc_date	: 2021-12-15
24hr		: yes
[command: cat /proc/driver/rtc]
rtc_time	: 03:09:31
rtc_date	: 2021-12-15
24hr		: yes
>> precision_checktest is success!
======== RTC_CHECK PASS  2021-12-15 11:09:31========

======== INFO_PROGRAMMING 2021-12-15 11:09:31========

======== INFO_PROGRAMMING PASS  2021-12-15 11:09:36========

======== HOST_CFG_SET 2021-12-15 11:09:36========

======== HOST_CFG_SET PASS  2021-12-15 11:09:41========

======== CPU_CHECK 2021-12-15 11:09:41========

[command: dmidecode -t 4]
