===================================
STATION_STRESS 2022-01-05 05:29:00
===================================
======== STRESS_ALL 2022-01-05 05:29:00========

[command: cat /proc/cpuinfo | grep -c processor]
[command: cat /proc/stat|head -n 1]
[command: lspci | grep "RAID" ]
[command: ps -ef | grep "stress" | grep "[0-9]$" ]
[command: find /dev/ -name "sd*" | grep -E "sd[a-z]$" | sort ]
[command: find /dev/ -name "nvme*" | grep -E "nvme[0-9][a-z][0-9]$" | sort ]
[command: lsblk]
[command: ps -ef | grep "memtester" | grep "[0-9]$" ]
[command: ps -ef | grep "fio" | grep "mytest_[0-9]$" ]
[command: fio -filename=/dev/sdb -direct=1 -iodepth 1 -thread -rw=randrw -ioengine=psync -bs=16k -size=2G -numjobs=10 -runtime=20 -group_reporting -name=mytest_1]
[command: lsblk]
[command: ps -ef | grep "fio" | grep "mytest_[0-9]$" ]
[command: ps -ef | grep "memtester" | grep "[0-9]$" ]
[command: ps -ef | grep "stress" | grep "[0-9]$" ]
[command: lsblk]
[command: fio -filename=/dev/sdc -direct=1 -iodepth 1 -thread -rw=randrw -ioengine=psync -bs=16k -size=2G -numjobs=10 -runtime=20 -group_reporting -name=mytest_2]
[command: ps -ef | grep "fio" | grep "mytest_[0-9]$" ]
[command: ps -ef | grep "memtester" | grep "[0-9]$" ]
[command: ps -ef | grep "stress" | grep "[0-9]$" ]
[command: lsblk]
[command: fio -filename=/dev/sdd -direct=1 -iodepth 1 -thread -rw=randrw -ioengine=psync -bs=16k -size=2G -numjobs=10 -runtime=20 -group_reporting -name=mytest_3]
[command: fio -filename=/dev/sde -direct=1 -iodepth 1 -thread -rw=randrw -ioengine=psync -bs=16k -size=2G -numjobs=10 -runtime=20 -group_reporting -name=mytest_4]
>> random_read_writetest is success!
[command: lsblk]
[command: ps -ef | grep "fio" | grep "mytest_[0-9]$" ]
[command: ps -ef | grep "memtester" | grep "[0-9]$" ]
[command: ps -ef | grep "stress" | grep "[0-9]$" ]
[command: lsblk]
[command: fio -directory=/test -direct=1 -iodepth 1 -thread -rw=randread -ioengine=psync -bs=16k -size=2G -numjobs=10 -runtime=20 -group_reporting -name=mytest_0]
>> random_readtest is success!
[command: ps -ef | grep "fio" | grep "mytest_[0-9]$" ]
[command: ps -ef | grep "memtester" | grep "[0-9]$" ]
[command: ps -ef | grep "stress" | grep "[0-9]$" ]
[command: ps -ef | grep "fio" | grep "mytest_[0-9]$" ]
[command: ps -ef | grep "memtester" | grep "[0-9]$" ]
[command: ps -ef | grep "stress" | grep "[0-9]$" ]
[command: ps -ef | grep "fio" | grep "mytest_[0-9]$" ]
[command: ps -ef | grep "memtester" | grep "[0-9]$" ]
[command: ps -ef | grep "stress" | grep "[0-9]$" ]
[command: ps -ef | grep "fio" | grep "mytest_[0-9]$" ]
[command: ps -ef | grep "memtester" | grep "[0-9]$" ]
[command: ps -ef | grep "stress" | grep "[0-9]$" ]
[command: ps -ef | grep "fio" | grep "mytest_[0-9]$" ]
[command: ps -ef | grep "memtester" | grep "[0-9]$" ]
[command: ps -ef | grep "stress" | grep "[0-9]$" ]
[command: ps -ef | grep "fio" | grep "mytest_[0-9]$" ]
[command: ps -ef | grep "memtester" | grep "[0-9]$" ]
[command: ps -ef | grep "stress" | grep "[0-9]$" ]
[command: stress -c 71 -t 300 ]
>> stress_checktest is success!
[command: ps -ef | grep "fio" | grep "mytest_[0-9]$" ]
[command: ps -ef | grep "memtester" | grep "[0-9]$" ]
[command: ps -ef | grep "stress" | grep "[0-9]$" ]
[command: memtester 5024 1 ]
>> mem_checktest is success!
