=============  LAN Stress Check Begin  2022-01-12 17:07:53 ================
->>> enp24s0f0 is link
->>> start to check Lan in this time
Device: enp24s0f0@0
Result: OK: 169213(c116072+d53141) usec, 100000 (1500byte,0frags)
  590969pps 7091Mb/sec (7091628000bps) errors: 0
->>> enp24s0f1 is link
->>> start to check Lan in this time
Device: enp24s0f1@0
Result: OK: 121995(c120729+d1266) usec, 100000 (1500byte,0frags)
  819701pps 9836Mb/sec (9836412000bps) errors: 0
->>> enp59s0f0 need link!
->>> enp59s0f1 need link!
->>> enp62s0f2 is link
->>> enp62s0f2 speed is not 10000Mb/s or 25000Mb/s, nothing to do
->>> enp62s0f3 need link!
->>> lo is link
->>> lo speed is not 10000Mb/s or 25000Mb/s, nothing to do
->>> virbr0 need link!
->>> virbr0-nic need link!
==============  LAN Stress Check End  2022-01-12 17:07:59 =================
